# JRE version: Java(TM) SE Runtime Environment (8.0_202-b08) (build 1.8.0_202-b08)
# Java VM: Java HotSpot(TM) 64-Bit Server VM (25.202-b08 mixed mode windows-amd64 compressed oops)
Heap:
 PSYoungGen      total 728576K, used 338235K [0x0000000741a00000, 0x000000077ba80000, 0x00000007c0000000)
  eden space 706560K, 47% used [0x0000000741a00000,0x00000007563d6da0,0x000000076cc00000)
  from space 22016K, 2% used [0x000000076cc00000,0x000000076cc78000,0x000000076e180000)
  to   space 23040K, 0% used [0x000000077a400000,0x000000077a400000,0x000000077ba80000)
 ParOldGen       total 203776K, used 27737K [0x0000000644e00000, 0x0000000651500000, 0x0000000741a00000)
  object space 203776K, 13% used [0x0000000644e00000,0x0000000646916558,0x0000000651500000)
 Metaspace       used 62890K, capacity 67506K, committed 67712K, reserved 1107968K
  class space    used 8700K, capacity 9489K, committed 9600K, reserved 1048576K
GC Heap History (10 events):
Event: 12.939 GC heap before
{Heap before GC invocations=10 (full 2):
 PSYoungGen      total 332800K, used 28759K [0x0000000741a00000, 0x0000000764900000, 0x00000007c0000000)
  eden space 317952K, 4% used [0x0000000741a00000,0x000000074279b1b8,0x0000000755080000)
  from space 14848K, 99% used [0x0000000755080000,0x0000000755efadf8,0x0000000755f00000)
  to   space 23552K, 0% used [0x0000000763200000,0x0000000763200000,0x0000000764900000)
 ParOldGen       total 159232K, used 27059K [0x0000000644e00000, 0x000000064e980000, 0x0000000741a00000)
  object space 159232K, 16% used [0x0000000644e00000,0x000000064686ce38,0x000000064e980000)
 Metaspace       used 55270K, capacity 59052K, committed 59136K, reserved 1099776K
  class space    used 7733K, capacity 8403K, committed 8448K, reserved 1048576K
Event: 12.951 GC heap after
Heap after GC invocations=10 (full 2):
 PSYoungGen      total 549888K, used 11583K [0x0000000741a00000, 0x0000000766a00000, 0x00000007c0000000)
  eden space 526336K, 0% used [0x0000000741a00000,0x0000000741a00000,0x0000000761c00000)
  from space 23552K, 49% used [0x0000000763200000,0x0000000763d4fea8,0x0000000764900000)
  to   space 22528K, 0% used [0x0000000761c00000,0x0000000761c00000,0x0000000763200000)
 ParOldGen       total 159232K, used 27067K [0x0000000644e00000, 0x000000064e980000, 0x0000000741a00000)
  object space 159232K, 16% used [0x0000000644e00000,0x000000064686ee38,0x000000064e980000)
 Metaspace       used 55270K, capacity 59052K, committed 59136K, reserved 1099776K
  class space    used 7733K, capacity 8403K, committed 8448K, reserved 1048576K
}
Event: 12.951 GC heap before
{Heap before GC invocations=11 (full 3):
 PSYoungGen      total 549888K, used 11583K [0x0000000741a00000, 0x0000000766a00000, 0x00000007c0000000)
  eden space 526336K, 0% used [0x0000000741a00000,0x0000000741a00000,0x0000000761c00000)
  from space 23552K, 49% used [0x0000000763200000,0x0000000763d4fea8,0x0000000764900000)
  to   space 22528K, 0% used [0x0000000761c00000,0x0000000761c00000,0x0000000763200000)
 ParOldGen       total 159232K, used 27067K [0x0000000644e00000, 0x000000064e980000, 0x0000000741a00000)
  object space 159232K, 16% used [0x0000000644e00000,0x000000064686ee38,0x000000064e980000)
 Metaspace       used 55270K, capacity 59052K, committed 59136K, reserved 1099776K
  class space    used 7733K, capacity 8403K, committed 8448K, reserved 1048576K
Event: 13.264 GC heap after
Heap after GC invocations=11 (full 3):
 PSYoungGen      total 549888K, used 0K [0x0000000741a00000, 0x0000000766a00000, 0x00000007c0000000)
  eden space 526336K, 0% used [0x0000000741a00000,0x0000000741a00000,0x0000000761c00000)
  from space 23552K, 0% used [0x0000000763200000,0x0000000763200000,0x0000000764900000)
  to   space 22528K, 0% used [0x0000000761c00000,0x0000000761c00000,0x0000000763200000)
 ParOldGen       total 203776K, used 23890K [0x0000000644e00000, 0x0000000651500000, 0x0000000741a00000)
  object space 203776K, 11% used [0x0000000644e00000,0x0000000646554870,0x0000000651500000)
 Metaspace       used 55270K, capacity 59052K, committed 59136K, reserved 1099776K
  class space    used 7733K, capacity 8403K, committed 8448K, reserved 1048576K
}
Event: 2123.273 GC heap before
{Heap before GC invocations=12 (full 3):
 PSYoungGen      total 549888K, used 526336K [0x0000000741a00000, 0x0000000766a00000, 0x00000007c0000000)
  eden space 526336K, 100% used [0x0000000741a00000,0x0000000761c00000,0x0000000761c00000)
  from space 23552K, 0% used [0x0000000763200000,0x0000000763200000,0x0000000764900000)
  to   space 22528K, 0% used [0x0000000761c00000,0x0000000761c00000,0x0000000763200000)
 ParOldGen       total 203776K, used 23890K [0x0000000644e00000, 0x0000000651500000, 0x0000000741a00000)
  object space 203776K, 11% used [0x0000000644e00000,0x0000000646554870,0x0000000651500000)
 Metaspace       used 61880K, capacity 66378K, committed 66560K, reserved 1105920K
  class space    used 8595K, capacity 9365K, committed 9472K, reserved 1048576K
Event: 2123.288 GC heap after
Heap after GC invocations=12 (full 3):
 PSYoungGen      total 548864K, used 7652K [0x0000000741a00000, 0x0000000770780000, 0x00000007c0000000)
  eden space 526336K, 0% used [0x0000000741a00000,0x0000000741a00000,0x0000000761c00000)
  from space 22528K, 33% used [0x0000000761c00000,0x00000007623791e0,0x0000000763200000)
  to   space 22016K, 0% used [0x000000076f200000,0x000000076f200000,0x0000000770780000)
 ParOldGen       total 203776K, used 23898K [0x0000000644e00000, 0x0000000651500000, 0x0000000741a00000)
  object space 203776K, 11% used [0x0000000644e00000,0x0000000646556870,0x0000000651500000)
 Metaspace       used 61880K, capacity 66378K, committed 66560K, reserved 1105920K
  class space    used 8595K, capacity 9365K, committed 9472K, reserved 1048576K
}
Event: 4580.329 GC heap before
{Heap before GC invocations=13 (full 3):
 PSYoungGen      total 548864K, used 533988K [0x0000000741a00000, 0x0000000770780000, 0x00000007c0000000)
  eden space 526336K, 100% used [0x0000000741a00000,0x0000000761c00000,0x0000000761c00000)
  from space 22528K, 33% used [0x0000000761c00000,0x00000007623791e0,0x0000000763200000)
  to   space 22016K, 0% used [0x000000076f200000,0x000000076f200000,0x0000000770780000)
 ParOldGen       total 203776K, used 23898K [0x0000000644e00000, 0x0000000651500000, 0x0000000741a00000)
  object space 203776K, 11% used [0x0000000644e00000,0x0000000646556870,0x0000000651500000)
 Metaspace       used 62849K, capacity 67430K, committed 67712K, reserved 1107968K
  class space    used 8696K, capacity 9487K, committed 9600K, reserved 1048576K
Event: 4580.350 GC heap after
Heap after GC invocations=13 (full 3):
 PSYoungGen      total 706560K, used 4821K [0x0000000741a00000, 0x000000076f700000, 0x00000007c0000000)
  eden space 701440K, 0% used [0x0000000741a00000,0x0000000741a00000,0x000000076c700000)
  from space 5120K, 94% used [0x000000076f200000,0x000000076f6b5648,0x000000076f700000)
  to   space 22016K, 0% used [0x000000076cc00000,0x000000076cc00000,0x000000076e180000)
 ParOldGen       total 203776K, used 23914K [0x0000000644e00000, 0x0000000651500000, 0x0000000741a00000)
  object space 203776K, 11% used [0x0000000644e00000,0x000000064655a870,0x0000000651500000)
 Metaspace       used 62849K, capacity 67430K, committed 67712K, reserved 1107968K
  class space    used 8696K, capacity 9487K, committed 9600K, reserved 1048576K
}
Event: 65582.911 GC heap before
{Heap before GC invocations=14 (full 3):
 PSYoungGen      total 706560K, used 706261K [0x0000000741a00000, 0x000000076f700000, 0x00000007c0000000)
  eden space 701440K, 100% used [0x0000000741a00000,0x000000076c700000,0x000000076c700000)
  from space 5120K, 94% used [0x000000076f200000,0x000000076f6b5648,0x000000076f700000)
  to   space 22016K, 0% used [0x000000076cc00000,0x000000076cc00000,0x000000076e180000)
 ParOldGen       total 203776K, used 23914K [0x0000000644e00000, 0x0000000651500000, 0x0000000741a00000)
  object space 203776K, 11% used [0x0000000644e00000,0x000000064655a870,0x0000000651500000)
 Metaspace       used 62875K, capacity 67506K, committed 67712K, reserved 1107968K
  class space    used 8698K, capacity 9489K, committed 9600K, reserved 1048576K
Event: 65582.966 GC heap after
Heap after GC invocations=14 (full 3):
 PSYoungGen      total 728576K, used 480K [0x0000000741a00000, 0x000000077ba80000, 0x00000007c0000000)
  eden space 706560K, 0% used [0x0000000741a00000,0x0000000741a00000,0x000000076cc00000)
  from space 22016K, 2% used [0x000000076cc00000,0x000000076cc78000,0x000000076e180000)
  to   space 23040K, 0% used [0x000000077a400000,0x000000077a400000,0x000000077ba80000)
 ParOldGen       total 203776K, used 27737K [0x0000000644e00000, 0x0000000651500000, 0x0000000741a00000)
  object space 203776K, 13% used [0x0000000644e00000,0x0000000646916558,0x0000000651500000)
 Metaspace       used 62875K, capacity 67506K, committed 67712K, reserved 1107968K
  class space    used 8698K, capacity 9489K, committed 9600K, reserved 1048576K
}

